-6524046919599568024
-5517710603152678407
-7764650538198978660
-1251067264531906713
-7061779585738054585
5699415301111186007
-7952395239717733932
-563603307016122660
-3132519389797096678
-1499421820682510861
-7729534897663178023
7530061623129873359
-2337191879842560786
-648165018871232662
5510809671626569144
6104282703388238256
6959370125697589668
-6269044100822972836
9199314482671173512
-57781455792303287
-2110776322209806529
6368083395050704289
-8153167300318212142
7478130394253804179
-6160717360847346893
3428189355616263815
2258735855812068612
3329854916534610129
-277191741954952310
4663783311792722119
-7420751946085634658
-6524046919599568024
-5517710603152678407
-7764650538198978660
-1251067264531906713
-7061779585738054585
5699415301111186007
-7952395239717733932
-563603307016122660
-3132519389797096678
-1499421820682510861
-7729534897663178023
7530061623129873359
-2337191879842560786
-648165018871232662
5510809671626569144
6104282703388238256
6959370125697589668
-6269044100822972836
9199314482671173512
-57781455792303287
-2110776322209806529
6368083395050704289
-8153167300318212142
7478130394253804179
-6160717360847346893
3428189355616263815
2258735855812068612
3329854916534610129
-277191741954952310
4663783311792722119
-7420751946085634658
-6524046919599568024
-5517710603152678407
-7764650538198978660
-1251067264531906713
-7061779585738054585
5699415301111186007
-7952395239717733932
-563603307016122660
-3132519389797096678
-1499421820682510861
-7729534897663178023
7530061623129873359
-2337191879842560786
-648165018871232662
5510809671626569144
6104282703388238256
6959370125697589668
-6269044100822972836
9199314482671173512
-57781455792303287
-2110776322209806529
6368083395050704289
-8153167300318212142
7478130394253804179
-6160717360847346893
3428189355616263815
2258735855812068612
3329854916534610129
-277191741954952310
4663783311792722119
-7420751946085634658
-6524046919599568024
-5517710603152678407
-7764650538198978660
-1251067264531906713
-7061779585738054585
5699415301111186007
-7952395239717733932
-563603307016122660
-3132519389797096678
-1499421820682510861
-7729534897663178023
7530061623129873359
-2337191879842560786
-648165018871232662
5510809671626569144
6104282703388238256
6959370125697589668
-6269044100822972836
9199314482671173512
-57781455792303287
-2110776322209806529
6368083395050704289
-8153167300318212142
7478130394253804179
-6160717360847346893
3428189355616263815
2258735855812068612
3329854916534610129
-277191741954952310
4663783311792722119
-7420751946085634658
-6524046919599568024
-5517710603152678407
-7764650538198978660
-1251067264531906713
-7061779585738054585
5699415301111186007
-7952395239717733932
-563603307016122660
-3132519389797096678
-1499421820682510861
-7729534897663178023
7530061623129873359
-2337191879842560786
-648165018871232662
5510809671626569144
6104282703388238256
6959370125697589668
-6269044100822972836
9199314482671173512
-57781455792303287
-2110776322209806529
6368083395050704289
-8153167300318212142
7478130394253804179
-6160717360847346893
3428189355616263815
2258735855812068612
3329854916534610129
-277191741954952310
4663783311792722119
-7420751946085634658
-6524046919599568024
-5517710603152678407
-7764650538198978660
-1251067264531906713
-7061779585738054585
5699415301111186007
-7952395239717733932
-563603307016122660
-3132519389797096678
-1499421820682510861
-7729534897663178023
7530061623129873359
-2337191879842560786
-648165018871232662
5510809671626569144
6104282703388238256
6959370125697589668
-6269044100822972836
9199314482671173512
-57781455792303287
-2110776322209806529
6368083395050704289
-8153167300318212142
7478130394253804179
-6160717360847346893
3428189355616263815
2258735855812068612
3329854916534610129
-277191741954952310
4663783311792722119
-7420751946085634658
-6524046919599568024
-5517710603152678407
-7764650538198978660
-1251067264531906713
-7061779585738054585
5699415301111186007
-7952395239717733932
-563603307016122660
-3132519389797096678
-1499421820682510861
-7729534897663178023
7530061623129873359
-2337191879842560786
-648165018871232662
